{"/Users/leyla/10.2/Scores.js": {"path":"/Users/leyla/10.2/Scores.js","statementMap":{"0":{"start":{"line":1,"column":17},"end":{"line":26,"column":1}},"1":{"start":{"line":29,"column":22},"end":{"line":31,"column":5}},"2":{"start":{"line":33,"column":4},"end":{"line":41,"column":7}},"3":{"start":{"line":34,"column":8},"end":{"line":40,"column":9}},"4":{"start":{"line":35,"column":12},"end":{"line":37,"column":13}},"5":{"start":{"line":36,"column":16},"end":{"line":36,"column":38}},"6":{"start":{"line":38,"column":15},"end":{"line":40,"column":9}},"7":{"start":{"line":39,"column":12},"end":{"line":39,"column":34}},"8":{"start":{"line":43,"column":4},"end":{"line":43,"column":23}},"9":{"start":{"line":47,"column":30},"end":{"line":50,"column":5}},"10":{"start":{"line":52,"column":4},"end":{"line":58,"column":7}},"11":{"start":{"line":53,"column":28},"end":{"line":53,"column":54}},"12":{"start":{"line":55,"column":8},"end":{"line":57,"column":9}},"13":{"start":{"line":56,"column":12},"end":{"line":56,"column":46}},"14":{"start":{"line":60,"column":4},"end":{"line":60,"column":31}},"15":{"start":{"line":64,"column":4},"end":{"line":68,"column":5}},"16":{"start":{"line":65,"column":8},"end":{"line":65,"column":48}},"17":{"start":{"line":67,"column":8},"end":{"line":67,"column":39}},"18":{"start":{"line":71,"column":0},"end":{"line":71,"column":136}},"19":{"start":{"line":73,"column":0},"end":{"line":73,"column":136}},"20":{"start":{"line":74,"column":0},"end":{"line":74,"column":136}},"21":{"start":{"line":75,"column":0},"end":{"line":75,"column":134}},"22":{"start":{"line":85,"column":0},"end":{"line":89,"column":2}}},"fnMap":{"0":{"name":"calculateGroupScore","decl":{"start":{"line":28,"column":9},"end":{"line":28,"column":28}},"loc":{"start":{"line":28,"column":36},"end":{"line":44,"column":1}},"line":28},"1":{"name":"(anonymous_1)","decl":{"start":{"line":33,"column":18},"end":{"line":33,"column":19}},"loc":{"start":{"line":33,"column":29},"end":{"line":41,"column":5}},"line":33},"2":{"name":"calculateGroupsScore","decl":{"start":{"line":46,"column":9},"end":{"line":46,"column":29}},"loc":{"start":{"line":46,"column":38},"end":{"line":61,"column":1}},"line":46},"3":{"name":"(anonymous_3)","decl":{"start":{"line":52,"column":19},"end":{"line":52,"column":20}},"loc":{"start":{"line":52,"column":28},"end":{"line":58,"column":5}},"line":52},"4":{"name":"printTheBest","decl":{"start":{"line":63,"column":9},"end":{"line":63,"column":21}},"loc":{"start":{"line":63,"column":64},"end":{"line":69,"column":1}},"line":63}},"branchMap":{"0":{"loc":{"start":{"line":34,"column":8},"end":{"line":40,"column":9}},"type":"if","locations":[{"start":{"line":34,"column":8},"end":{"line":40,"column":9}},{"start":{"line":38,"column":15},"end":{"line":40,"column":9}}],"line":34},"1":{"loc":{"start":{"line":35,"column":12},"end":{"line":37,"column":13}},"type":"if","locations":[{"start":{"line":35,"column":12},"end":{"line":37,"column":13}},{"start":{},"end":{}}],"line":35},"2":{"loc":{"start":{"line":38,"column":15},"end":{"line":40,"column":9}},"type":"if","locations":[{"start":{"line":38,"column":15},"end":{"line":40,"column":9}},{"start":{},"end":{}}],"line":38},"3":{"loc":{"start":{"line":55,"column":8},"end":{"line":57,"column":9}},"type":"if","locations":[{"start":{"line":55,"column":8},"end":{"line":57,"column":9}},{"start":{},"end":{}}],"line":55},"4":{"loc":{"start":{"line":64,"column":4},"end":{"line":68,"column":5}},"type":"if","locations":[{"start":{"line":64,"column":4},"end":{"line":68,"column":5}},{"start":{"line":66,"column":11},"end":{"line":68,"column":5}}],"line":64}},"s":{"0":1,"1":12,"2":12,"3":72,"4":40,"5":4,"6":32,"7":8,"8":12,"9":2,"10":2,"11":6,"12":6,"13":2,"14":2,"15":4,"16":3,"17":1,"18":1,"19":1,"20":1,"21":1,"22":1},"f":{"0":12,"1":72,"2":2,"3":6,"4":4},"b":{"0":[40,32],"1":[4,36],"2":[8,24],"3":[2,4],"4":[3,1]},"_coverageSchema":"1a1c01bbd47fc00a2c39e90264f33305004495a9","hash":"5f0001944796a34f1390f0c2304902ff9093295b"}
}
