{"/Users/leyla/10.2/Scores.js": {"path":"/Users/leyla/10.2/Scores.js","statementMap":{"0":{"start":{"line":1,"column":17},"end":{"line":26,"column":1}},"1":{"start":{"line":29,"column":22},"end":{"line":31,"column":5}},"2":{"start":{"line":33,"column":4},"end":{"line":37,"column":7}},"3":{"start":{"line":34,"column":8},"end":{"line":36,"column":9}},"4":{"start":{"line":35,"column":12},"end":{"line":35,"column":34}},"5":{"start":{"line":39,"column":4},"end":{"line":39,"column":23}},"6":{"start":{"line":43,"column":30},"end":{"line":45,"column":5}},"7":{"start":{"line":47,"column":4},"end":{"line":53,"column":7}},"8":{"start":{"line":48,"column":28},"end":{"line":48,"column":54}},"9":{"start":{"line":50,"column":8},"end":{"line":52,"column":9}},"10":{"start":{"line":51,"column":12},"end":{"line":51,"column":46}},"11":{"start":{"line":55,"column":4},"end":{"line":55,"column":31}},"12":{"start":{"line":58,"column":0},"end":{"line":58,"column":74}},"13":{"start":{"line":60,"column":0},"end":{"line":60,"column":73}},"14":{"start":{"line":61,"column":0},"end":{"line":61,"column":73}},"15":{"start":{"line":62,"column":0},"end":{"line":62,"column":73}},"16":{"start":{"line":72,"column":0},"end":{"line":76,"column":2}}},"fnMap":{"0":{"name":"calculateGroupScore","decl":{"start":{"line":28,"column":9},"end":{"line":28,"column":28}},"loc":{"start":{"line":28,"column":36},"end":{"line":40,"column":1}},"line":28},"1":{"name":"(anonymous_1)","decl":{"start":{"line":33,"column":18},"end":{"line":33,"column":19}},"loc":{"start":{"line":33,"column":29},"end":{"line":37,"column":5}},"line":33},"2":{"name":"calculateGroupsScore","decl":{"start":{"line":42,"column":9},"end":{"line":42,"column":29}},"loc":{"start":{"line":42,"column":38},"end":{"line":56,"column":1}},"line":42},"3":{"name":"(anonymous_3)","decl":{"start":{"line":47,"column":19},"end":{"line":47,"column":20}},"loc":{"start":{"line":47,"column":28},"end":{"line":53,"column":5}},"line":47}},"branchMap":{"0":{"loc":{"start":{"line":34,"column":8},"end":{"line":36,"column":9}},"type":"if","locations":[{"start":{"line":34,"column":8},"end":{"line":36,"column":9}},{"start":{},"end":{}}],"line":34},"1":{"loc":{"start":{"line":50,"column":8},"end":{"line":52,"column":9}},"type":"if","locations":[{"start":{"line":50,"column":8},"end":{"line":52,"column":9}},{"start":{},"end":{}}],"line":50}},"s":{"0":1,"1":9,"2":9,"3":54,"4":6,"5":9,"6":1,"7":1,"8":3,"9":3,"10":1,"11":1,"12":1,"13":1,"14":1,"15":1,"16":1},"f":{"0":9,"1":54,"2":1,"3":3},"b":{"0":[6,48],"1":[1,2]},"_coverageSchema":"1a1c01bbd47fc00a2c39e90264f33305004495a9","hash":"70a53f227c978abb4932c113719545198868097a"}
}
