TN:
SF:Scores.js
FN:28,calculateGroupScore
FN:33,(anonymous_1)
FN:46,calculateGroupsScore
FN:52,(anonymous_3)
FN:63,printTheBest
FNF:5
FNH:5
FNDA:12,calculateGroupScore
FNDA:72,(anonymous_1)
FNDA:2,calculateGroupsScore
FNDA:6,(anonymous_3)
FNDA:4,printTheBest
DA:1,1
DA:29,12
DA:33,12
DA:34,72
DA:35,40
DA:36,4
DA:38,32
DA:39,8
DA:43,12
DA:47,2
DA:52,2
DA:53,6
DA:55,6
DA:56,2
DA:60,2
DA:64,4
DA:65,3
DA:67,1
DA:71,1
DA:73,1
DA:74,1
DA:75,1
DA:85,1
LF:23
LH:23
BRDA:34,0,0,40
BRDA:34,0,1,32
BRDA:35,1,0,4
BRDA:35,1,1,36
BRDA:38,2,0,8
BRDA:38,2,1,24
BRDA:55,3,0,2
BRDA:55,3,1,4
BRDA:64,4,0,3
BRDA:64,4,1,1
BRF:10
BRH:10
end_of_record
